c:\users\utilizador\documents\visual studio 2017\projects\agencia de viagens\agencia de viagens\x64\debug\vc141.pdb
c:\users\utilizador\documents\visual studio 2017\projects\agencia de viagens\agencia de viagens\x64\debug\vc141.idb
c:\users\utilizador\documents\visual studio 2017\projects\agencia de viagens\agencia de viagens\x64\debug\accommodation.obj
c:\users\utilizador\documents\visual studio 2017\projects\agencia de viagens\agencia de viagens\x64\debug\connection.obj
c:\users\utilizador\documents\visual studio 2017\projects\agencia de viagens\agencia de viagens\x64\debug\date.obj
c:\users\utilizador\documents\visual studio 2017\projects\agencia de viagens\agencia de viagens\x64\debug\fichajung.obj
c:\users\utilizador\documents\visual studio 2017\projects\agencia de viagens\agencia de viagens\x64\debug\graph.obj
c:\users\utilizador\documents\visual studio 2017\projects\agencia de viagens\agencia de viagens\x64\debug\graphviewer.obj
c:\users\utilizador\documents\visual studio 2017\projects\agencia de viagens\agencia de viagens\x64\debug\main.obj
c:\users\utilizador\documents\visual studio 2017\projects\agencia de viagens\agencia de viagens\x64\debug\menus.obj
c:\users\utilizador\documents\visual studio 2017\projects\agencia de viagens\agencia de viagens\x64\debug\node.obj
c:\users\utilizador\documents\visual studio 2017\projects\agencia de viagens\agencia de viagens\x64\debug\travelagency.obj
c:\users\utilizador\documents\visual studio 2017\projects\agencia de viagens\agencia de viagens\x64\debug\tripinfo.obj
c:\users\utilizador\documents\visual studio 2017\projects\agencia de viagens\agencia de viagens\x64\debug\utils.obj
c:\users\utilizador\documents\visual studio 2017\projects\agencia de viagens\agencia de viagens\x64\debug\weight.obj
c:\users\utilizador\documents\visual studio 2017\projects\agencia de viagens\x64\debug\agencia de viagens.pdb
c:\users\utilizador\documents\visual studio 2017\projects\agencia de viagens\agencia de viagens\x64\debug\agencia .a74cdfe1.tlog\cl.command.1.tlog
c:\users\utilizador\documents\visual studio 2017\projects\agencia de viagens\agencia de viagens\x64\debug\agencia .a74cdfe1.tlog\cl.read.1.tlog
c:\users\utilizador\documents\visual studio 2017\projects\agencia de viagens\agencia de viagens\x64\debug\agencia .a74cdfe1.tlog\cl.write.1.tlog
c:\users\utilizador\documents\visual studio 2017\projects\agencia de viagens\agencia de viagens\x64\debug\agencia .a74cdfe1.tlog\link-cvtres.read.1.tlog
c:\users\utilizador\documents\visual studio 2017\projects\agencia de viagens\agencia de viagens\x64\debug\agencia .a74cdfe1.tlog\link-cvtres.write.1.tlog
c:\users\utilizador\documents\visual studio 2017\projects\agencia de viagens\agencia de viagens\x64\debug\agencia .a74cdfe1.tlog\link-rc.read.1.tlog
c:\users\utilizador\documents\visual studio 2017\projects\agencia de viagens\agencia de viagens\x64\debug\agencia .a74cdfe1.tlog\link-rc.write.1.tlog
c:\users\utilizador\documents\visual studio 2017\projects\agencia de viagens\agencia de viagens\x64\debug\agencia .a74cdfe1.tlog\link.4340-cvtres.read.1.tlog
c:\users\utilizador\documents\visual studio 2017\projects\agencia de viagens\agencia de viagens\x64\debug\agencia .a74cdfe1.tlog\link.4340-cvtres.write.1.tlog
c:\users\utilizador\documents\visual studio 2017\projects\agencia de viagens\agencia de viagens\x64\debug\agencia .a74cdfe1.tlog\link.4340-rc.read.1.tlog
c:\users\utilizador\documents\visual studio 2017\projects\agencia de viagens\agencia de viagens\x64\debug\agencia .a74cdfe1.tlog\link.4340-rc.write.1.tlog
c:\users\utilizador\documents\visual studio 2017\projects\agencia de viagens\agencia de viagens\x64\debug\agencia .a74cdfe1.tlog\link.4340.read.1.tlog
c:\users\utilizador\documents\visual studio 2017\projects\agencia de viagens\agencia de viagens\x64\debug\agencia .a74cdfe1.tlog\link.4340.write.1.tlog
c:\users\utilizador\documents\visual studio 2017\projects\agencia de viagens\agencia de viagens\x64\debug\agencia .a74cdfe1.tlog\link.command.1.tlog
c:\users\utilizador\documents\visual studio 2017\projects\agencia de viagens\agencia de viagens\x64\debug\agencia .a74cdfe1.tlog\link.read.1.tlog
c:\users\utilizador\documents\visual studio 2017\projects\agencia de viagens\agencia de viagens\x64\debug\agencia .a74cdfe1.tlog\link.write.1.tlog
